2024-05-16 13:14:46.907646 ║INFO	║ 6652	║ process file c:\ДАНИИЛ\Atom\Web КР-20240428T141316Z-001\Web КР\Сайт
2024-05-16 13:14:46.907646 ║INFO	║ 6652	║ process file c:\ДАНИИЛ\Atom\Web КР-20240428T141316Z-001\Web КР\Сайт\media
2024-05-16 13:14:46.907646 ║INFO	║ 6652	║ process file c:\ДАНИИЛ\Atom\Web КР-20240428T141316Z-001\Web КР\Сайт\media\fonts
2024-05-16 13:14:46.909657 ║INFO	║ 6652	║ process file c:\ДАНИИЛ\Atom\Web КР-20240428T141316Z-001\Web КР\Сайт\media\fonts\fonts.css
2024-05-16 13:14:46.909657 ║INFO	║ 6652	║ process file c:\ДАНИИЛ\Atom\Web КР-20240428T141316Z-001\Web КР\Сайт\media\img
2024-05-16 13:14:46.909657 ║INFO	║ 6652	║ process file c:\ДАНИИЛ\Atom\Web КР-20240428T141316Z-001\Web КР\Сайт\media\img\1.jpg
2024-05-16 13:14:46.991119 ║INFO	║ 6652	║ process file c:\ДАНИИЛ\Atom\Web КР-20240428T141316Z-001\Web КР\Сайт\media\img\10.jpg
2024-05-16 13:14:46.991119 ║INFO	║ 6652	║ process file c:\ДАНИИЛ\Atom\Web КР-20240428T141316Z-001\Web КР\Сайт\media\img\2.jpg
2024-05-16 13:14:46.992896 ║INFO	║ 6652	║ process file c:\ДАНИИЛ\Atom\Web КР-20240428T141316Z-001\Web КР\Сайт\media\img\3.jpg
2024-05-16 13:14:46.992896 ║INFO	║ 6652	║ process file c:\ДАНИИЛ\Atom\Web КР-20240428T141316Z-001\Web КР\Сайт\media\img\4.jpg
2024-05-16 13:14:46.992896 ║INFO	║ 6652	║ process file c:\ДАНИИЛ\Atom\Web КР-20240428T141316Z-001\Web КР\Сайт\media\img\454952214.jpg
2024-05-16 13:14:46.992896 ║INFO	║ 6652	║ process file c:\ДАНИИЛ\Atom\Web КР-20240428T141316Z-001\Web КР\Сайт\media\img\5.jpg
2024-05-16 13:14:46.992896 ║INFO	║ 6652	║ process file c:\ДАНИИЛ\Atom\Web КР-20240428T141316Z-001\Web КР\Сайт\media\img\6.jpg
2024-05-16 13:14:46.992896 ║INFO	║ 6652	║ process file c:\ДАНИИЛ\Atom\Web КР-20240428T141316Z-001\Web КР\Сайт\media\img\7.jpg
2024-05-16 13:14:46.992896 ║INFO	║ 6652	║ process file c:\ДАНИИЛ\Atom\Web КР-20240428T141316Z-001\Web КР\Сайт\media\img\8.jpg
2024-05-16 13:14:46.997000 ║INFO	║ 6652	║ process file c:\ДАНИИЛ\Atom\Web КР-20240428T141316Z-001\Web КР\Сайт\media\img\9.jpg
2024-05-16 13:14:46.997000 ║INFO	║ 6652	║ process file c:\ДАНИИЛ\Atom\Web КР-20240428T141316Z-001\Web КР\Сайт\media\img\Диаграмма без названия.drawio
2024-05-16 13:14:46.998024 ║INFO	║ 6652	║ process file c:\ДАНИИЛ\Atom\Web КР-20240428T141316Z-001\Web КР\Сайт\media\svg
2024-05-16 13:14:46.998024 ║INFO	║ 6652	║ process file c:\ДАНИИЛ\Atom\Web КР-20240428T141316Z-001\Web КР\Сайт\media\svg\keyboard_capslock-24px.svg
2024-05-16 13:14:46.998024 ║INFO	║ 6652	║ process file c:\ДАНИИЛ\Atom\Web КР-20240428T141316Z-001\Web КР\Сайт\media\tmp
2024-05-16 13:14:46.998024 ║INFO	║ 6652	║ process file c:\ДАНИИЛ\Atom\Web КР-20240428T141316Z-001\Web КР\Сайт\media\video
2024-05-16 13:14:46.998024 ║INFO	║ 6652	║ process file c:\ДАНИИЛ\Atom\Web КР-20240428T141316Z-001\Web КР\Сайт\media\video\Окунь на сало. Поклевка каждые 3 секунды.mp4
2024-05-16 13:14:46.998024 ║INFO	║ 6652	║ process file c:\ДАНИИЛ\Atom\Web КР-20240428T141316Z-001\Web КР\Сайт\index.html
2024-05-16 13:14:46.998024 ║INFO	║ 6652	║ process file c:\ДАНИИЛ\Atom\Web КР-20240428T141316Z-001\Web КР\Сайт\script.js
2024-05-16 13:14:46.998024 ║INFO	║ 6652	║ process file c:\ДАНИИЛ\Atom\Web КР-20240428T141316Z-001\Web КР\Сайт\style.css
2024-05-16 13:14:46.998024 ║INFO	║ 6652	║ process file c:\ДАНИИЛ\Atom\Web КР-20240428T141316Z-001\Web КР\Макет.jpg
2024-05-16 13:14:46.998024 ║INFO	║ 6652	║ process file c:\ДАНИИЛ\Atom\Web КР-20240428T141316Z-001\Web КР
2024-05-16 13:14:54.744159 ║INFO	║ 6652	║ Finalize
2024-05-16 13:14:54.744159 ║INFO	║ 6652	║ Finalize done
